[2026-04-13 20:33] ✅ 已自動 push
[main 87cc619] 自動備份 2026-04-13 21:33
 Committer: kevin <kevin@kevindeMac-mini.local>
Your name and email address were configured automatically based
on your username and hostname. Please check that they are accurate.
You can suppress this message by setting them explicitly. Run the
following command and follow the instructions in your editor to edit
your configuration file:

    git config --global --edit

After doing this, you may fix the identity used for this commit with:

    git commit --amend --reset-author

 1 file changed, 1 insertion(+)
 create mode 100644 .auto_push.log
To github.com:77410kevin-sketch/Honten.git
   fd36f8c..87cc619  main -> main
[2026-04-13 21:33] ✅ 已自動 push
[main 2a9692f] 自動備份 2026-04-13 22:33
 Committer: kevin <kevin@kevindeMac-mini.local>
Your name and email address were configured automatically based
on your username and hostname. Please check that they are accurate.
You can suppress this message by setting them explicitly. Run the
following command and follow the instructions in your editor to edit
your configuration file:

    git config --global --edit

After doing this, you may fix the identity used for this commit with:

    git commit --amend --reset-author

 1 file changed, 19 insertions(+)
To github.com:77410kevin-sketch/Honten.git
   87cc619..2a9692f  main -> main
[2026-04-13 22:33] ✅ 已自動 push
[main 2feafba] 自動備份 2026-04-13 23:33
 Committer: kevin <kevin@kevindeMac-mini.local>
Your name and email address were configured automatically based
on your username and hostname. Please check that they are accurate.
You can suppress this message by setting them explicitly. Run the
following command and follow the instructions in your editor to edit
your configuration file:

    git config --global --edit

After doing this, you may fix the identity used for this commit with:

    git commit --amend --reset-author

 1 file changed, 18 insertions(+)
To github.com:77410kevin-sketch/Honten.git
   2a9692f..2feafba  main -> main
[2026-04-13 23:33] ✅ 已自動 push
[main d8bb91e] 自動備份 2026-04-14 00:33
 Committer: kevin <kevin@kevindeMac-mini.local>
Your name and email address were configured automatically based
on your username and hostname. Please check that they are accurate.
You can suppress this message by setting them explicitly. Run the
following command and follow the instructions in your editor to edit
your configuration file:

    git config --global --edit

After doing this, you may fix the identity used for this commit with:

    git commit --amend --reset-author

 1 file changed, 18 insertions(+)
To github.com:77410kevin-sketch/Honten.git
   2feafba..d8bb91e  main -> main
[2026-04-14 00:33] ✅ 已自動 push
[main f9e0e9d] 自動備份 2026-04-14 01:33
 Committer: kevin <kevin@kevindeMac-mini.local>
Your name and email address were configured automatically based
on your username and hostname. Please check that they are accurate.
You can suppress this message by setting them explicitly. Run the
following command and follow the instructions in your editor to edit
your configuration file:

    git config --global --edit

After doing this, you may fix the identity used for this commit with:

    git commit --amend --reset-author

 1 file changed, 18 insertions(+)
To github.com:77410kevin-sketch/Honten.git
   d8bb91e..f9e0e9d  main -> main
[2026-04-14 01:33] ✅ 已自動 push
[main 4b4dbc6] 自動備份 2026-04-14 02:33
 Committer: kevin <kevin@kevindeMac-mini.local>
Your name and email address were configured automatically based
on your username and hostname. Please check that they are accurate.
You can suppress this message by setting them explicitly. Run the
following command and follow the instructions in your editor to edit
your configuration file:

    git config --global --edit

After doing this, you may fix the identity used for this commit with:

    git commit --amend --reset-author

 1 file changed, 18 insertions(+)
To github.com:77410kevin-sketch/Honten.git
   f9e0e9d..4b4dbc6  main -> main
[2026-04-14 02:33] ✅ 已自動 push
